\BOOKMARK [1][-]{section.1}{\376\377\000B\000a\000c\000k\000g\000r\000o\000u\000n\000d\000\040\000a\000n\000d\000\040\000M\000o\000t\000i\000v\000a\000t\000i\000o\000n}{}% 1
\BOOKMARK [2][-]{subsection.1.1}{\376\377\000R\000e\000s\000e\000a\000r\000c\000h\000\040\000O\000b\000j\000e\000c\000t\000i\000v\000e\000s}{section.1}% 2
\BOOKMARK [1][-]{section.2}{\376\377\000D\000a\000t\000a\000\040\000R\000e\000t\000r\000i\000e\000v\000a\000l\000\040\000a\000n\000d\000\040\000P\000r\000e\000p\000r\000o\000c\000e\000s\000s\000i\000n\000g}{}% 3
\BOOKMARK [2][-]{subsection.2.1}{\376\377\000E\000x\000p\000l\000o\000r\000a\000t\000o\000r\000y\000\040\000D\000a\000t\000a\000\040\000A\000n\000a\000l\000y\000s\000i\000s\000\040\000\050\000E\000D\000A\000\051}{section.2}% 4
\BOOKMARK [1][-]{section.3}{\376\377\000C\000a\000p\000i\000t\000a\000l\000\040\000A\000s\000s\000e\000t\000\040\000P\000r\000i\000c\000i\000n\000g\000\040\000M\000o\000d\000e\000l\000\040\000\050\000C\000A\000P\000M\000\051}{}% 5
\BOOKMARK [2][-]{subsection.3.1}{\376\377\000S\000e\000c\000u\000r\000i\000t\000y\000\040\000M\000a\000r\000k\000e\000t\000\040\000L\000i\000n\000e\000\040\000\050\000S\000M\000L\000\051}{section.3}% 6
\BOOKMARK [2][-]{subsection.3.2}{\376\377\000A\000s\000s\000e\000t\000\040\000B\000e\000t\000a\000\040\000a\000n\000d\000\040\000E\000x\000p\000e\000c\000t\000e\000d\000\040\000R\000e\000t\000u\000r\000n\000s}{section.3}% 7
\BOOKMARK [2][-]{subsection.3.3}{\376\377\000A\000s\000s\000u\000m\000p\000t\000i\000o\000n\000s\000\040\000a\000n\000d\000\040\000L\000i\000m\000i\000t\000a\000t\000i\000o\000n\000s\000\040\000o\000f\000\040\000C\000A\000P\000M}{section.3}% 8
\BOOKMARK [1][-]{section.4}{\376\377\000M\000e\000a\000n\000-\000V\000a\000r\000i\000a\000n\000c\000e\000\040\000O\000p\000t\000i\000m\000i\000s\000a\000t\000i\000o\000n\000\040\000\050\000M\000V\000O\000\051}{}% 9
\BOOKMARK [2][-]{subsection.4.1}{\376\377\000A\000s\000s\000u\000m\000p\000t\000i\000o\000n\000s\000\040\000a\000n\000d\000\040\000L\000i\000m\000i\000t\000a\000t\000i\000o\000n\000s\000\040\000o\000f\000\040\000M\000V\000O}{section.4}% 10
\BOOKMARK [2][-]{subsection.4.2}{\376\377\000S\000h\000a\000r\000p\000e\000\040\000R\000a\000t\000i\000o}{section.4}% 11
\BOOKMARK [2][-]{subsection.4.3}{\376\377\000E\000f\000f\000i\000c\000i\000e\000n\000t\000\040\000F\000r\000o\000n\000t\000i\000e\000r}{section.4}% 12
\BOOKMARK [2][-]{subsection.4.4}{\376\377\000O\000p\000t\000i\000m\000i\000s\000e\000d\000\040\000P\000o\000r\000t\000f\000o\000l\000i\000o\000\040\000A\000n\000a\000l\000y\000s\000i\000s}{section.4}% 13
\BOOKMARK [1][-]{section.5}{\376\377\000M\000a\000c\000h\000i\000n\000e\000\040\000L\000e\000a\000r\000n\000i\000n\000g\000\040\000i\000n\000\040\000P\000o\000r\000t\000f\000o\000l\000i\000o\000\040\000O\000p\000t\000i\000m\000i\000s\000a\000t\000i\000o\000n}{}% 14
\BOOKMARK [2][-]{subsection.5.1}{\376\377\000M\000a\000c\000h\000i\000n\000e\000\040\000L\000e\000a\000r\000n\000i\000n\000g\000\040\000A\000l\000g\000o\000r\000i\000t\000h\000m\000s\000\040\000O\000v\000e\000r\000v\000i\000e\000w}{section.5}% 15
\BOOKMARK [2][-]{subsection.5.2}{\376\377\000D\000e\000c\000i\000s\000i\000o\000n\000\040\000T\000r\000e\000e}{section.5}% 16
\BOOKMARK [2][-]{subsection.5.3}{\376\377\000R\000a\000n\000d\000o\000m\000\040\000F\000o\000r\000e\000s\000t}{section.5}% 17
\BOOKMARK [1][-]{section.6}{\376\377\000E\000v\000a\000l\000u\000a\000t\000i\000n\000g\000\040\000M\000a\000c\000h\000i\000n\000e\000\040\000L\000e\000a\000r\000n\000i\000n\000g\000\040\000M\000o\000d\000e\000l\000\040\000P\000e\000r\000f\000o\000r\000m\000a\000n\000c\000e}{}% 18
\BOOKMARK [2][-]{subsection.6.1}{\376\377\000I\000m\000p\000a\000c\000t\000\040\000o\000f\000\040\000E\000x\000t\000e\000r\000n\000a\000l\000\040\000F\000a\000c\000t\000o\000r\000s\000\040\000o\000n\000\040\000M\000L\000\040\000S\000t\000r\000a\000t\000e\000g\000i\000e\000s}{section.6}% 19
\BOOKMARK [2][-]{subsection.6.2}{\376\377\000T\000r\000a\000i\000n\000i\000n\000g\000\040\000D\000a\000t\000a\000\040\000A\000n\000a\000l\000y\000s\000i\000s}{section.6}% 20
\BOOKMARK [2][-]{subsection.6.3}{\376\377\000V\000a\000l\000i\000d\000a\000t\000i\000o\000n\000\040\000S\000e\000t\000\040\000A\000n\000a\000l\000y\000s\000i\000s}{section.6}% 21
\BOOKMARK [1][-]{section.7}{\376\377\000F\000u\000t\000u\000r\000e\000\040\000R\000e\000s\000e\000a\000r\000c\000h}{}% 22
\BOOKMARK [1][-]{section.8}{\376\377\000C\000o\000n\000c\000l\000u\000s\000i\000o\000n}{}% 23
